TN:
SF:src/modules/app.js
FNF:0
FNH:0
LF:0
LH:0
BRF:0
BRH:0
end_of_record
TN:
SF:src/modules/bootstrap.js
FN:9,initApp
FN:35,(anonymous_1)
FNF:2
FNH:0
FNDA:0,initApp
FNDA:0,(anonymous_1)
DA:11,0
DA:12,0
DA:13,0
DA:14,0
DA:15,0
DA:18,0
DA:19,0
DA:20,0
DA:23,0
DA:26,0
DA:30,0
DA:35,0
DA:40,0
DA:46,0
LF:14
LH:0
BRDA:26,0,0,0
BRDA:26,0,1,0
BRDA:27,1,0,0
BRDA:27,1,1,0
BRF:4
BRH:0
end_of_record
TN:
SF:src/modules/chord-copy.js
FN:7,(anonymous_0)
FN:16,(anonymous_1)
FN:22,(anonymous_2)
FN:29,(anonymous_3)
FN:34,(anonymous_4)
FN:43,(anonymous_5)
FN:51,(anonymous_6)
FN:59,(anonymous_7)
FN:77,(anonymous_8)
FN:88,(anonymous_9)
FN:97,(anonymous_10)
FN:107,(anonymous_11)
FN:134,(anonymous_12)
FN:166,(anonymous_13)
FN:173,(anonymous_14)
FN:197,(anonymous_15)
FN:208,(anonymous_16)
FN:224,(anonymous_17)
FN:231,(anonymous_18)
FN:241,(anonymous_19)
FN:244,(anonymous_20)
FN:253,(anonymous_21)
FN:279,(anonymous_22)
FN:286,(anonymous_23)
FN:293,(anonymous_24)
FN:300,(anonymous_25)
FN:307,(anonymous_26)
FN:313,(anonymous_27)
FN:320,(anonymous_28)
FN:342,initChordCopy
FNF:30
FNH:0
FNDA:0,(anonymous_0)
FNDA:0,(anonymous_1)
FNDA:0,(anonymous_2)
FNDA:0,(anonymous_3)
FNDA:0,(anonymous_4)
FNDA:0,(anonymous_5)
FNDA:0,(anonymous_6)
FNDA:0,(anonymous_7)
FNDA:0,(anonymous_8)
FNDA:0,(anonymous_9)
FNDA:0,(anonymous_10)
FNDA:0,(anonymous_11)
FNDA:0,(anonymous_12)
FNDA:0,(anonymous_13)
FNDA:0,(anonymous_14)
FNDA:0,(anonymous_15)
FNDA:0,(anonymous_16)
FNDA:0,(anonymous_17)
FNDA:0,(anonymous_18)
FNDA:0,(anonymous_19)
FNDA:0,(anonymous_20)
FNDA:0,(anonymous_21)
FNDA:0,(anonymous_22)
FNDA:0,(anonymous_23)
FNDA:0,(anonymous_24)
FNDA:0,(anonymous_25)
FNDA:0,(anonymous_26)
FNDA:0,(anonymous_27)
FNDA:0,(anonymous_28)
FNDA:0,initChordCopy
DA:8,0
DA:9,0
DA:10,0
DA:11,0
DA:13,0
DA:17,0
DA:18,0
DA:19,0
DA:23,0
DA:24,0
DA:25,0
DA:26,0
DA:30,0
DA:31,0
DA:34,0
DA:36,0
DA:38,0
DA:39,0
DA:43,0
DA:44,0
DA:45,0
DA:46,0
DA:51,0
DA:52,0
DA:53,0
DA:54,0
DA:59,0
DA:61,0
DA:66,0
DA:67,0
DA:71,0
DA:72,0
DA:78,0
DA:79,0
DA:82,0
DA:83,0
DA:84,0
DA:85,0
DA:86,0
DA:87,0
DA:88,0
DA:91,0
DA:92,0
DA:93,0
DA:94,0
DA:95,0
DA:96,0
DA:97,0
DA:100,0
DA:101,0
DA:102,0
DA:103,0
DA:108,0
DA:109,0
DA:110,0
DA:112,0
DA:115,0
DA:126,0
DA:128,0
DA:129,0
DA:130,0
DA:131,0
DA:135,0
DA:137,0
DA:140,0
DA:151,0
DA:152,0
DA:153,0
DA:154,0
DA:157,0
DA:158,0
DA:159,0
DA:160,0
DA:163,0
DA:167,0
DA:169,0
DA:170,0
DA:171,0
DA:173,0
DA:174,0
DA:175,0
DA:176,0
DA:177,0
DA:178,0
DA:181,0
DA:187,0
DA:188,0
DA:190,0
DA:194,0
DA:198,0
DA:199,0
DA:200,0
DA:203,0
DA:204,0
DA:209,0
DA:210,0
DA:213,0
DA:214,0
DA:215,0
DA:221,0
DA:224,0
DA:225,0
DA:226,0
DA:232,0
DA:234,0
DA:235,0
DA:238,0
DA:239,0
DA:242,0
DA:245,0
DA:246,0
DA:249,0
DA:255,0
DA:256,0
DA:257,0
DA:258,0
DA:259,0
DA:260,0
DA:261,0
DA:262,0
DA:264,0
DA:265,0
DA:266,0
DA:267,0
DA:269,0
DA:272,0
DA:273,0
DA:275,0
DA:280,0
DA:281,0
DA:282,0
DA:284,0
DA:286,0
DA:287,0
DA:288,0
DA:294,0
DA:295,0
DA:296,0
DA:298,0
DA:300,0
DA:301,0
DA:302,0
DA:308,0
DA:309,0
DA:310,0
DA:313,0
DA:314,0
DA:317,0
DA:321,0
DA:322,0
DA:324,0
DA:326,0
DA:327,0
DA:328,0
DA:333,0
DA:334,0
DA:340,0
DA:343,0
DA:344,0
DA:346,0
LF:160
LH:0
BRDA:31,0,0,0
BRDA:31,0,1,0
BRDA:36,1,0,0
BRDA:36,1,1,0
BRDA:36,2,0,0
BRDA:36,2,1,0
BRDA:44,3,0,0
BRDA:44,3,1,0
BRDA:52,4,0,0
BRDA:52,4,1,0
BRDA:61,5,0,0
BRDA:61,5,1,0
BRDA:62,6,0,0
BRDA:62,6,1,0
BRDA:62,6,2,0
BRDA:62,6,3,0
BRDA:71,7,0,0
BRDA:71,7,1,0
BRDA:79,8,0,0
BRDA:79,8,1,0
BRDA:101,9,0,0
BRDA:101,9,1,0
BRDA:135,10,0,0
BRDA:135,10,1,0
BRDA:135,11,0,0
BRDA:135,11,1,0
BRDA:181,12,0,0
BRDA:181,12,1,0
BRDA:182,13,0,0
BRDA:182,13,1,0
BRDA:182,13,2,0
BRDA:182,13,3,0
BRDA:203,14,0,0
BRDA:203,14,1,0
BRDA:225,15,0,0
BRDA:225,15,1,0
BRDA:232,16,0,0
BRDA:232,16,1,0
BRDA:238,17,0,0
BRDA:238,17,1,0
BRDA:238,18,0,0
BRDA:238,18,1,0
BRDA:266,19,0,0
BRDA:266,19,1,0
BRDA:287,20,0,0
BRDA:287,20,1,0
BRDA:301,21,0,0
BRDA:301,21,1,0
BRDA:326,22,0,0
BRDA:326,22,1,0
BRDA:328,23,0,0
BRDA:328,23,1,0
BRDA:333,24,0,0
BRDA:333,24,1,0
BRDA:343,25,0,0
BRDA:343,25,1,0
BRF:56
BRH:0
end_of_record
TN:
SF:src/modules/keyboard-shortcuts.js
FN:5,(anonymous_0)
FN:16,(anonymous_1)
FN:18,(anonymous_2)
FN:19,(anonymous_3)
FN:20,(anonymous_4)
FN:21,(anonymous_5)
FN:22,(anonymous_6)
FN:23,(anonymous_7)
FN:26,(anonymous_8)
FN:27,(anonymous_9)
FN:28,(anonymous_10)
FN:29,(anonymous_11)
FN:32,(anonymous_12)
FN:33,(anonymous_13)
FN:34,(anonymous_14)
FN:35,(anonymous_15)
FN:36,(anonymous_16)
FN:37,(anonymous_17)
FN:40,(anonymous_18)
FN:41,(anonymous_19)
FN:42,(anonymous_20)
FN:48,(anonymous_21)
FN:56,(anonymous_22)
FN:63,(anonymous_23)
FN:70,(anonymous_24)
FN:97,(anonymous_25)
FN:118,(anonymous_26)
FN:131,(anonymous_27)
FN:137,(anonymous_28)
FN:141,(anonymous_29)
FN:145,(anonymous_30)
FN:149,(anonymous_31)
FN:153,(anonymous_32)
FN:159,(anonymous_33)
FN:168,(anonymous_34)
FN:177,(anonymous_35)
FN:184,(anonymous_36)
FN:201,(anonymous_37)
FN:229,(anonymous_38)
FN:238,(anonymous_39)
FNF:40
FNH:0
FNDA:0,(anonymous_0)
FNDA:0,(anonymous_1)
FNDA:0,(anonymous_2)
FNDA:0,(anonymous_3)
FNDA:0,(anonymous_4)
FNDA:0,(anonymous_5)
FNDA:0,(anonymous_6)
FNDA:0,(anonymous_7)
FNDA:0,(anonymous_8)
FNDA:0,(anonymous_9)
FNDA:0,(anonymous_10)
FNDA:0,(anonymous_11)
FNDA:0,(anonymous_12)
FNDA:0,(anonymous_13)
FNDA:0,(anonymous_14)
FNDA:0,(anonymous_15)
FNDA:0,(anonymous_16)
FNDA:0,(anonymous_17)
FNDA:0,(anonymous_18)
FNDA:0,(anonymous_19)
FNDA:0,(anonymous_20)
FNDA:0,(anonymous_21)
FNDA:0,(anonymous_22)
FNDA:0,(anonymous_23)
FNDA:0,(anonymous_24)
FNDA:0,(anonymous_25)
FNDA:0,(anonymous_26)
FNDA:0,(anonymous_27)
FNDA:0,(anonymous_28)
FNDA:0,(anonymous_29)
FNDA:0,(anonymous_30)
FNDA:0,(anonymous_31)
FNDA:0,(anonymous_32)
FNDA:0,(anonymous_33)
FNDA:0,(anonymous_34)
FNDA:0,(anonymous_35)
FNDA:0,(anonymous_36)
FNDA:0,(anonymous_37)
FNDA:0,(anonymous_38)
FNDA:0,(anonymous_39)
DA:6,0
DA:7,0
DA:8,0
DA:9,0
DA:10,0
DA:18,0
DA:19,0
DA:20,0
DA:21,0
DA:22,0
DA:23,0
DA:26,0
DA:27,0
DA:28,0
DA:29,0
DA:32,0
DA:33,0
DA:34,0
DA:35,0
DA:36,0
DA:37,0
DA:40,0
DA:41,0
DA:42,0
DA:49,0
DA:50,0
DA:57,0
DA:64,0
DA:71,0
DA:73,0
DA:75,0
DA:79,0
DA:80,0
DA:83,0
DA:84,0
DA:85,0
DA:87,0
DA:88,0
DA:89,0
DA:90,0
DA:98,0
DA:100,0
DA:101,0
DA:102,0
DA:103,0
DA:105,0
DA:106,0
DA:107,0
DA:108,0
DA:109,0
DA:111,0
DA:112,0
DA:119,0
DA:128,0
DA:129,0
DA:130,0
DA:131,0
DA:138,0
DA:142,0
DA:146,0
DA:150,0
DA:154,0
DA:155,0
DA:160,0
DA:161,0
DA:162,0
DA:163,0
DA:164,0
DA:169,0
DA:170,0
DA:171,0
DA:172,0
DA:173,0
DA:178,0
DA:179,0
DA:180,0
DA:186,0
DA:188,0
DA:189,0
DA:192,0
DA:193,0
DA:194,0
DA:202,0
DA:203,0
DA:206,0
DA:209,0
DA:210,0
DA:211,0
DA:212,0
DA:213,0
DA:217,0
DA:220,0
DA:223,0
DA:225,0
DA:226,0
DA:230,0
DA:231,0
DA:239,0
LF:98
LH:0
BRDA:71,0,0,0
BRDA:71,0,1,0
BRDA:75,1,0,0
BRDA:75,1,1,0
BRDA:75,1,2,0
BRDA:79,2,0,0
BRDA:79,2,1,0
BRDA:79,3,0,0
BRDA:79,3,1,0
BRDA:87,4,0,0
BRDA:87,4,1,0
BRDA:100,5,0,0
BRDA:100,5,1,0
BRDA:101,6,0,0
BRDA:101,6,1,0
BRDA:102,7,0,0
BRDA:102,7,1,0
BRDA:103,8,0,0
BRDA:103,8,1,0
BRDA:106,9,0,0
BRDA:106,9,1,0
BRDA:107,10,0,0
BRDA:107,10,1,0
BRDA:108,11,0,0
BRDA:108,11,1,0
BRDA:109,12,0,0
BRDA:109,12,1,0
BRDA:154,13,0,0
BRDA:154,13,1,0
BRDA:154,14,0,0
BRDA:154,14,1,0
BRDA:160,15,0,0
BRDA:160,15,1,0
BRDA:169,16,0,0
BRDA:169,16,1,0
BRDA:178,17,0,0
BRDA:178,17,1,0
BRDA:188,18,0,0
BRDA:188,18,1,0
BRDA:193,19,0,0
BRDA:193,19,1,0
BRDA:193,20,0,0
BRDA:193,20,1,0
BRDA:203,21,0,0
BRDA:203,21,1,0
BRDA:210,22,0,0
BRDA:210,22,1,0
BRDA:225,23,0,0
BRDA:225,23,1,0
BRDA:226,24,0,0
BRDA:226,24,1,0
BRDA:230,25,0,0
BRDA:230,25,1,0
BRF:53
BRH:0
end_of_record
TN:
SF:src/modules/performance.js
FN:5,(anonymous_0)
FN:16,(anonymous_1)
FN:24,(anonymous_2)
FN:26,(anonymous_3)
FN:36,(anonymous_4)
FN:40,(anonymous_5)
FN:49,(anonymous_6)
FN:62,(anonymous_7)
FN:66,(anonymous_8)
FN:71,(anonymous_9)
FN:85,(anonymous_10)
FN:86,(anonymous_11)
FN:109,(anonymous_12)
FN:114,(anonymous_13)
FN:129,(anonymous_14)
FN:137,(anonymous_15)
FN:139,(anonymous_16)
FN:140,(anonymous_17)
FN:152,(anonymous_18)
FN:161,(anonymous_19)
FN:175,(anonymous_20)
FN:190,(anonymous_21)
FNF:22
FNH:0
FNDA:0,(anonymous_0)
FNDA:0,(anonymous_1)
FNDA:0,(anonymous_2)
FNDA:0,(anonymous_3)
FNDA:0,(anonymous_4)
FNDA:0,(anonymous_5)
FNDA:0,(anonymous_6)
FNDA:0,(anonymous_7)
FNDA:0,(anonymous_8)
FNDA:0,(anonymous_9)
FNDA:0,(anonymous_10)
FNDA:0,(anonymous_11)
FNDA:0,(anonymous_12)
FNDA:0,(anonymous_13)
FNDA:0,(anonymous_14)
FNDA:0,(anonymous_15)
FNDA:0,(anonymous_16)
FNDA:0,(anonymous_17)
FNDA:0,(anonymous_18)
FNDA:0,(anonymous_19)
FNDA:0,(anonymous_20)
FNDA:0,(anonymous_21)
DA:6,0
DA:7,0
DA:8,0
DA:9,0
DA:10,0
DA:17,0
DA:19,0
DA:20,0
DA:24,0
DA:25,0
DA:26,0
DA:29,0
DA:30,0
DA:37,0
DA:40,0
DA:41,0
DA:43,0
DA:44,0
DA:45,0
DA:47,0
DA:48,0
DA:50,0
DA:51,0
DA:63,0
DA:65,0
DA:66,0
DA:67,0
DA:68,0
DA:69,0
DA:71,0
DA:72,0
DA:73,0
DA:75,0
DA:86,0
DA:87,0
DA:89,0
DA:90,0
DA:93,0
DA:94,0
DA:97,0
DA:98,0
DA:99,0
DA:102,0
DA:110,0
DA:111,0
DA:114,0
DA:115,0
DA:116,0
DA:121,0
DA:126,0
DA:129,0
DA:130,0
DA:138,0
DA:139,0
DA:140,0
DA:141,0
DA:142,0
DA:143,0
DA:144,0
DA:145,0
DA:146,0
DA:152,0
DA:153,0
DA:162,0
DA:163,0
DA:164,0
DA:176,0
DA:177,0
DA:179,0
DA:180,0
DA:181,0
DA:184,0
DA:191,0
DA:197,0
DA:198,0
DA:199,0
DA:206,0
LF:77
LH:0
BRDA:17,0,0,0
BRDA:17,0,1,0
BRDA:19,1,0,0
BRDA:19,1,1,0
BRDA:43,2,0,0
BRDA:43,2,1,0
BRDA:65,3,0,0
BRDA:65,3,1,0
BRDA:87,4,0,0
BRDA:87,4,1,0
BRDA:89,5,0,0
BRDA:89,5,1,0
BRDA:97,6,0,0
BRDA:97,6,1,0
BRDA:115,7,0,0
BRDA:115,7,1,0
BRDA:138,8,0,0
BRDA:138,8,1,0
BRDA:141,9,0,0
BRDA:141,9,1,0
BRDA:143,10,0,0
BRDA:143,10,1,0
BRDA:162,11,0,0
BRDA:162,11,1,0
BRDA:179,12,0,0
BRDA:179,12,1,0
BRDA:197,13,0,0
BRDA:197,13,1,0
BRF:28
BRH:0
end_of_record
TN:
SF:src/modules/placement.js
FN:4,renderPage
FN:22,(anonymous_1)
FN:48,applyChordStyles
FN:51,(anonymous_3)
FN:64,addToHistory
FN:69,(anonymous_5)
FN:83,addChordsToHistory
FN:92,(anonymous_7)
FN:114,editChord
FN:146,(anonymous_9)
FN:157,(anonymous_10)
FN:166,(anonymous_11)
FN:177,placeChordAndEdit
FN:208,(anonymous_13)
FN:226,placeSection
FN:251,(anonymous_15)
FN:260,(anonymous_16)
FN:268,(anonymous_17)
FN:275,(anonymous_18)
FN:286,placeSectionOnPage
FN:322,(anonymous_20)
FN:333,(anonymous_21)
FN:343,(anonymous_22)
FN:353,(anonymous_23)
FN:363,enableChordPlacement
FN:372,(anonymous_25)
FN:464,(anonymous_26)
FN:473,(anonymous_27)
FN:484,(anonymous_28)
FN:491,(anonymous_29)
FN:503,(anonymous_30)
FN:531,(anonymous_31)
FN:543,(anonymous_32)
FN:570,(anonymous_33)
FN:582,(anonymous_34)
FN:588,(anonymous_35)
FNF:36
FNH:0
FNDA:0,renderPage
FNDA:0,(anonymous_1)
FNDA:0,applyChordStyles
FNDA:0,(anonymous_3)
FNDA:0,addToHistory
FNDA:0,(anonymous_5)
FNDA:0,addChordsToHistory
FNDA:0,(anonymous_7)
FNDA:0,editChord
FNDA:0,(anonymous_9)
FNDA:0,(anonymous_10)
FNDA:0,(anonymous_11)
FNDA:0,placeChordAndEdit
FNDA:0,(anonymous_13)
FNDA:0,placeSection
FNDA:0,(anonymous_15)
FNDA:0,(anonymous_16)
FNDA:0,(anonymous_17)
FNDA:0,(anonymous_18)
FNDA:0,placeSectionOnPage
FNDA:0,(anonymous_20)
FNDA:0,(anonymous_21)
FNDA:0,(anonymous_22)
FNDA:0,(anonymous_23)
FNDA:0,enableChordPlacement
FNDA:0,(anonymous_25)
FNDA:0,(anonymous_26)
FNDA:0,(anonymous_27)
FNDA:0,(anonymous_28)
FNDA:0,(anonymous_29)
FNDA:0,(anonymous_30)
FNDA:0,(anonymous_31)
FNDA:0,(anonymous_32)
FNDA:0,(anonymous_33)
FNDA:0,(anonymous_34)
FNDA:0,(anonymous_35)
DA:5,0
DA:6,0
DA:7,0
DA:10,0
DA:11,0
DA:12,0
DA:13,0
DA:14,0
DA:15,0
DA:16,0
DA:17,0
DA:18,0
DA:19,0
DA:20,0
DA:22,0
DA:23,0
DA:24,0
DA:26,0
DA:27,0
DA:28,0
DA:30,0
DA:32,0
DA:33,0
DA:34,0
DA:35,0
DA:36,0
DA:37,0
DA:38,0
DA:39,0
DA:41,0
DA:42,0
DA:43,0
DA:45,0
DA:49,0
DA:50,0
DA:51,0
DA:52,0
DA:53,0
DA:56,0
DA:59,0
DA:65,0
DA:68,0
DA:69,0
DA:73,0
DA:74,0
DA:77,0
DA:78,0
DA:84,0
DA:87,0
DA:90,0
DA:92,0
DA:93,0
DA:94,0
DA:95,0
DA:100,0
DA:101,0
DA:104,0
DA:105,0
DA:108,0
DA:109,0
DA:115,0
DA:116,0
DA:119,0
DA:120,0
DA:121,0
DA:122,0
DA:123,0
DA:141,0
DA:142,0
DA:143,0
DA:144,0
DA:146,0
DA:147,0
DA:148,0
DA:149,0
DA:150,0
DA:151,0
DA:153,0
DA:156,0
DA:157,0
DA:158,0
DA:161,0
DA:162,0
DA:165,0
DA:166,0
DA:167,0
DA:168,0
DA:169,0
DA:170,0
DA:171,0
DA:178,0
DA:180,0
DA:181,0
DA:183,0
DA:184,0
DA:185,0
DA:186,0
DA:187,0
DA:188,0
DA:189,0
DA:190,0
DA:191,0
DA:193,0
DA:194,0
DA:195,0
DA:196,0
DA:197,0
DA:198,0
DA:199,0
DA:200,0
DA:203,0
DA:204,0
DA:207,0
DA:208,0
DA:209,0
DA:218,0
DA:221,0
DA:227,0
DA:229,0
DA:230,0
DA:231,0
DA:232,0
DA:233,0
DA:234,0
DA:235,0
DA:236,0
DA:237,0
DA:238,0
DA:239,0
DA:240,0
DA:241,0
DA:242,0
DA:243,0
DA:244,0
DA:245,0
DA:247,0
DA:250,0
DA:251,0
DA:252,0
DA:256,0
DA:257,0
DA:258,0
DA:260,0
DA:261,0
DA:262,0
DA:263,0
DA:264,0
DA:265,0
DA:268,0
DA:269,0
DA:270,0
DA:271,0
DA:272,0
DA:275,0
DA:276,0
DA:277,0
DA:278,0
DA:282,0
DA:287,0
DA:290,0
DA:291,0
DA:293,0
DA:295,0
DA:296,0
DA:299,0
DA:300,0
DA:301,0
DA:302,0
DA:303,0
DA:304,0
DA:305,0
DA:306,0
DA:307,0
DA:308,0
DA:309,0
DA:310,0
DA:311,0
DA:312,0
DA:313,0
DA:314,0
DA:315,0
DA:316,0
DA:318,0
DA:321,0
DA:322,0
DA:323,0
DA:327,0
DA:328,0
DA:329,0
DA:330,0
DA:331,0
DA:333,0
DA:334,0
DA:335,0
DA:336,0
DA:337,0
DA:338,0
DA:339,0
DA:340,0
DA:343,0
DA:344,0
DA:345,0
DA:346,0
DA:347,0
DA:348,0
DA:349,0
DA:350,0
DA:353,0
DA:354,0
DA:355,0
DA:356,0
DA:360,0
DA:364,0
DA:365,0
DA:366,0
DA:369,0
DA:370,0
DA:372,0
DA:373,0
DA:376,0
DA:379,0
DA:380,0
DA:381,0
DA:382,0
DA:384,0
DA:385,0
DA:386,0
DA:387,0
DA:388,0
DA:389,0
DA:390,0
DA:391,0
DA:392,0
DA:393,0
DA:394,0
DA:395,0
DA:396,0
DA:397,0
DA:398,0
DA:399,0
DA:400,0
DA:403,0
DA:404,0
DA:405,0
DA:406,0
DA:410,0
DA:411,0
DA:414,0
DA:415,0
DA:416,0
DA:417,0
DA:419,0
DA:422,0
DA:423,0
DA:424,0
DA:425,0
DA:427,0
DA:431,0
DA:432,0
DA:433,0
DA:434,0
DA:435,0
DA:436,0
DA:438,0
DA:442,0
DA:443,0
DA:445,0
DA:446,0
DA:447,0
DA:448,0
DA:449,0
DA:450,0
DA:451,0
DA:452,0
DA:453,0
DA:454,0
DA:455,0
DA:456,0
DA:459,0
DA:460,0
DA:461,0
DA:464,0
DA:465,0
DA:466,0
DA:467,0
DA:469,0
DA:473,0
DA:474,0
DA:476,0
DA:477,0
DA:478,0
DA:480,0
DA:481,0
DA:484,0
DA:485,0
DA:491,0
DA:492,0
DA:494,0
DA:496,0
DA:497,0
DA:498,0
DA:499,0
DA:503,0
DA:504,0
DA:507,0
DA:508,0
DA:509,0
DA:510,0
DA:511,0
DA:512,0
DA:513,0
DA:514,0
DA:515,0
DA:517,0
DA:521,0
DA:522,0
DA:523,0
DA:524,0
DA:526,0
DA:527,0
DA:528,0
DA:530,0
DA:531,0
DA:532,0
DA:535,0
DA:538,0
DA:539,0
DA:540,0
DA:542,0
DA:543,0
DA:544,0
DA:547,0
DA:550,0
DA:552,0
DA:553,0
DA:554,0
DA:557,0
DA:559,0
DA:560,0
DA:561,0
DA:566,0
DA:567,0
DA:568,0
DA:569,0
DA:570,0
DA:571,0
DA:573,0
DA:574,0
DA:575,0
DA:576,0
DA:577,0
DA:578,0
DA:579,0
DA:580,0
DA:582,0
DA:583,0
DA:584,0
DA:585,0
DA:586,0
DA:588,0
DA:589,0
DA:590,0
DA:591,0
LF:363
LH:0
BRDA:14,0,0,0
BRDA:14,0,1,0
BRDA:17,1,0,0
BRDA:17,1,1,0
BRDA:30,2,0,0
BRDA:30,2,1,0
BRDA:39,3,0,0
BRDA:39,3,1,0
BRDA:73,4,0,0
BRDA:73,4,1,0
BRDA:77,5,0,0
BRDA:77,5,1,0
BRDA:94,6,0,0
BRDA:94,6,1,0
BRDA:94,7,0,0
BRDA:94,7,1,0
BRDA:94,7,2,0
BRDA:104,8,0,0
BRDA:104,8,1,0
BRDA:108,9,0,0
BRDA:108,9,1,0
BRDA:126,10,0,0
BRDA:126,10,1,0
BRDA:148,11,0,0
BRDA:148,11,1,0
BRDA:148,12,0,0
BRDA:148,12,1,0
BRDA:167,13,0,0
BRDA:167,13,1,0
BRDA:169,14,0,0
BRDA:169,14,1,0
BRDA:183,15,0,0
BRDA:183,15,1,0
BRDA:203,16,0,0
BRDA:203,16,1,0
BRDA:203,17,0,0
BRDA:203,17,1,0
BRDA:263,18,0,0
BRDA:263,18,1,0
BRDA:269,19,0,0
BRDA:269,19,1,0
BRDA:276,20,0,0
BRDA:276,20,1,0
BRDA:293,21,0,0
BRDA:293,21,1,0
BRDA:296,22,0,0
BRDA:296,22,1,0
BRDA:337,23,0,0
BRDA:337,23,1,0
BRDA:338,24,0,0
BRDA:338,24,1,0
BRDA:344,25,0,0
BRDA:344,25,1,0
BRDA:354,26,0,0
BRDA:354,26,1,0
BRDA:373,27,0,0
BRDA:373,27,1,0
BRDA:373,28,0,0
BRDA:373,28,1,0
BRDA:376,29,0,0
BRDA:376,29,1,0
BRDA:379,30,0,0
BRDA:379,30,1,0
BRDA:384,31,0,0
BRDA:384,31,1,0
BRDA:414,32,0,0
BRDA:414,32,1,0
BRDA:415,33,0,0
BRDA:415,33,1,0
BRDA:422,34,0,0
BRDA:422,34,1,0
BRDA:423,35,0,0
BRDA:423,35,1,0
BRDA:431,36,0,0
BRDA:431,36,1,0
BRDA:433,37,0,0
BRDA:433,37,1,0
BRDA:433,38,0,0
BRDA:433,38,1,0
BRDA:434,39,0,0
BRDA:434,39,1,0
BRDA:445,40,0,0
BRDA:445,40,1,0
BRDA:459,41,0,0
BRDA:459,41,1,0
BRDA:459,42,0,0
BRDA:459,42,1,0
BRDA:460,43,0,0
BRDA:460,43,1,0
BRDA:465,44,0,0
BRDA:465,44,1,0
BRDA:476,45,0,0
BRDA:476,45,1,0
BRDA:476,46,0,0
BRDA:476,46,1,0
BRDA:492,47,0,0
BRDA:492,47,1,0
BRDA:496,48,0,0
BRDA:496,48,1,0
BRDA:496,49,0,0
BRDA:496,49,1,0
BRDA:504,50,0,0
BRDA:504,50,1,0
BRDA:504,51,0,0
BRDA:504,51,1,0
BRDA:507,52,0,0
BRDA:507,52,1,0
BRDA:507,53,0,0
BRDA:507,53,1,0
BRDA:513,54,0,0
BRDA:513,54,1,0
BRDA:522,55,0,0
BRDA:522,55,1,0
BRDA:524,56,0,0
BRDA:524,56,1,0
BRDA:526,57,0,0
BRDA:526,57,1,0
BRDA:528,58,0,0
BRDA:528,58,1,0
BRDA:528,59,0,0
BRDA:528,59,1,0
BRDA:538,60,0,0
BRDA:538,60,1,0
BRDA:540,61,0,0
BRDA:540,61,1,0
BRDA:540,62,0,0
BRDA:540,62,1,0
BRDA:550,63,0,0
BRDA:550,63,1,0
BRDA:559,64,0,0
BRDA:559,64,1,0
BRDA:571,65,0,0
BRDA:571,65,1,0
BRDA:571,66,0,0
BRDA:571,66,1,0
BRDA:574,67,0,0
BRDA:574,67,1,0
BRDA:578,68,0,0
BRDA:578,68,1,0
BRDA:583,69,0,0
BRDA:583,69,1,0
BRDA:583,70,0,0
BRDA:583,70,1,0
BRDA:589,71,0,0
BRDA:589,71,1,0
BRF:145
BRH:0
end_of_record
TN:
SF:src/modules/presets.js
FN:3,getPresetChords
FN:64,getRelativeMajorKey
FN:132,(anonymous_2)
FN:137,(anonymous_3)
FN:155,(anonymous_4)
FN:156,(anonymous_5)
FN:163,(anonymous_6)
FN:164,(anonymous_7)
FN:173,(anonymous_8)
FN:180,(anonymous_9)
FN:252,updatePresetList
FN:298,(anonymous_11)
FN:374,(anonymous_12)
FN:402,(anonymous_13)
FN:407,(anonymous_14)
FN:413,(anonymous_15)
FN:427,generateTritoneSubstitutes
FN:471,generateTwoFiveOne
FN:503,generateSuspendedChords
FNF:19
FNH:11
FNDA:7,getPresetChords
FNDA:2,getRelativeMajorKey
FNDA:0,(anonymous_2)
FNDA:0,(anonymous_3)
FNDA:7,(anonymous_4)
FNDA:7,(anonymous_5)
FNDA:35,(anonymous_6)
FNDA:35,(anonymous_7)
FNDA:5,(anonymous_8)
FNDA:25,(anonymous_9)
FNDA:0,updatePresetList
FNDA:0,(anonymous_11)
FNDA:0,(anonymous_12)
FNDA:0,(anonymous_13)
FNDA:0,(anonymous_14)
FNDA:0,(anonymous_15)
FNDA:6,generateTritoneSubstitutes
FNDA:6,generateTwoFiveOne
FNDA:6,generateSuspendedChords
DA:4,7
DA:5,7
DA:21,7
DA:43,7
DA:65,2
DA:83,2
DA:97,7
DA:98,7
DA:118,6
DA:119,6
DA:122,0
DA:124,0
DA:128,0
DA:132,0
DA:133,0
DA:134,0
DA:137,0
DA:138,0
DA:139,0
DA:143,6
DA:145,1
DA:146,1
DA:148,1
DA:152,1
DA:153,1
DA:155,7
DA:156,7
DA:160,5
DA:161,5
DA:163,35
DA:164,35
DA:169,6
DA:170,6
DA:172,1
DA:173,1
DA:174,5
DA:175,5
DA:179,5
DA:180,5
DA:181,25
DA:182,25
DA:187,6
DA:188,6
DA:189,1
DA:191,1
DA:192,1
DA:193,1
DA:197,1
DA:198,1
DA:199,1
DA:200,1
DA:201,1
DA:205,0
DA:206,0
DA:207,0
DA:208,0
DA:209,0
DA:214,5
DA:215,5
DA:216,5
DA:217,5
DA:218,5
DA:219,5
DA:220,5
DA:223,0
DA:224,0
DA:225,0
DA:226,0
DA:227,0
DA:232,6
DA:235,6
DA:238,6
DA:240,6
DA:242,6
DA:253,0
DA:254,0
DA:255,0
DA:258,0
DA:267,0
DA:298,0
DA:299,0
DA:300,0
DA:303,0
DA:304,0
DA:305,0
DA:318,0
DA:319,0
DA:335,0
DA:343,0
DA:344,0
DA:347,0
DA:348,0
DA:351,0
DA:352,0
DA:353,0
DA:354,0
DA:355,0
DA:356,0
DA:357,0
DA:358,0
DA:359,0
DA:360,0
DA:361,0
DA:363,0
DA:366,0
DA:374,0
DA:375,0
DA:376,0
DA:377,0
DA:378,0
DA:379,0
DA:399,0
DA:402,0
DA:403,0
DA:404,0
DA:407,0
DA:408,0
DA:409,0
DA:413,0
DA:414,0
DA:416,0
DA:419,0
DA:420,0
DA:423,0
DA:429,6
DA:436,6
DA:451,6
DA:453,1
DA:455,1
DA:456,1
DA:458,1
DA:461,5
DA:463,5
DA:464,3
DA:466,5
DA:472,6
DA:487,6
DA:489,1
DA:490,1
DA:491,1
DA:492,1
DA:495,5
DA:496,5
DA:497,5
DA:498,5
DA:504,6
DA:519,6
DA:521,6
DA:529,0
LF:149
LH:79
BRDA:83,0,0,2
BRDA:83,0,1,0
BRDA:98,1,0,1
BRDA:98,1,1,6
BRDA:119,2,0,0
BRDA:119,2,1,6
BRDA:122,3,0,0
BRDA:122,3,1,0
BRDA:124,4,0,0
BRDA:124,4,1,0
BRDA:128,5,0,0
BRDA:128,5,1,0
BRDA:143,6,0,1
BRDA:143,6,1,5
BRDA:146,7,0,1
BRDA:146,7,1,0
BRDA:170,8,0,1
BRDA:170,8,1,5
BRDA:188,9,0,1
BRDA:188,9,1,5
BRDA:189,10,0,1
BRDA:189,10,1,0
BRDA:192,11,0,1
BRDA:192,11,1,0
BRDA:215,12,0,5
BRDA:215,12,1,0
BRDA:240,13,0,1
BRDA:240,13,1,5
BRDA:271,14,0,0
BRDA:271,14,1,0
BRDA:284,15,0,0
BRDA:284,15,1,0
BRDA:300,16,0,0
BRDA:300,16,1,0
BRDA:300,17,0,0
BRDA:300,17,1,0
BRDA:343,18,0,0
BRDA:343,18,1,0
BRDA:352,19,0,0
BRDA:352,19,1,0
BRDA:354,20,0,0
BRDA:354,20,1,0
BRDA:356,21,0,0
BRDA:356,21,1,0
BRDA:358,22,0,0
BRDA:358,22,1,0
BRDA:360,23,0,0
BRDA:360,23,1,0
BRDA:414,24,0,0
BRDA:414,24,1,0
BRDA:423,25,0,0
BRDA:423,25,1,0
BRDA:451,26,0,1
BRDA:451,26,1,5
BRDA:455,27,0,1
BRDA:455,27,1,0
BRDA:463,28,0,3
BRDA:463,28,1,2
BRDA:487,29,0,1
BRDA:487,29,1,5
BRDA:519,30,0,6
BRDA:519,30,1,0
BRDA:519,31,0,6
BRDA:519,31,1,6
BRF:64
BRH:26
end_of_record
TN:
SF:src/modules/state-manager.js
FN:6,(anonymous_0)
FN:16,(anonymous_1)
FN:18,(anonymous_2)
FN:46,(anonymous_3)
FN:48,(anonymous_4)
FN:54,(anonymous_5)
FN:60,(anonymous_6)
FN:74,(anonymous_7)
FN:81,(anonymous_8)
FN:88,(anonymous_9)
FN:95,(anonymous_10)
FN:102,(anonymous_11)
FN:103,(anonymous_12)
FN:115,(anonymous_13)
FN:118,(anonymous_14)
FN:131,(anonymous_15)
FN:141,(anonymous_16)
FN:148,(anonymous_17)
FN:151,(anonymous_18)
FN:164,(anonymous_19)
FN:170,(anonymous_20)
FN:184,(anonymous_21)
FNF:22
FNH:14
FNDA:3,(anonymous_0)
FNDA:3,(anonymous_1)
FNDA:2,(anonymous_2)
FNDA:2,(anonymous_3)
FNDA:1,(anonymous_4)
FNDA:0,(anonymous_5)
FNDA:0,(anonymous_6)
FNDA:0,(anonymous_7)
FNDA:3,(anonymous_8)
FNDA:0,(anonymous_9)
FNDA:0,(anonymous_10)
FNDA:2,(anonymous_11)
FNDA:1,(anonymous_12)
FNDA:2,(anonymous_13)
FNDA:0,(anonymous_14)
FNDA:0,(anonymous_15)
FNDA:4,(anonymous_16)
FNDA:3,(anonymous_17)
FNDA:3,(anonymous_18)
FNDA:4,(anonymous_19)
FNDA:1,(anonymous_20)
FNDA:0,(anonymous_21)
DA:7,3
DA:8,3
DA:9,3
DA:10,3
DA:17,3
DA:19,2
DA:20,2
DA:23,2
DA:24,2
DA:27,2
DA:30,2
DA:33,2
DA:34,0
DA:38,2
DA:47,2
DA:48,2
DA:55,0
DA:56,0
DA:58,0
DA:60,0
DA:61,0
DA:62,0
DA:63,0
DA:64,0
DA:65,0
DA:75,0
DA:82,3
DA:89,0
DA:96,0
DA:103,2
DA:104,1
DA:105,1
DA:107,0
DA:116,2
DA:117,2
DA:118,0
DA:119,0
DA:120,0
DA:122,0
DA:132,0
DA:133,0
DA:142,4
DA:149,3
DA:150,3
DA:151,2
DA:152,3
DA:153,3
DA:155,0
DA:165,4
DA:166,3
DA:168,4
DA:170,4
DA:171,1
DA:172,1
DA:173,1
DA:174,1
DA:175,1
DA:185,0
DA:190,1
LF:59
LH:37
BRDA:23,0,0,2
BRDA:23,0,1,0
BRDA:33,1,0,0
BRDA:33,1,1,2
BRDA:55,2,0,0
BRDA:55,2,1,0
BRDA:62,3,0,0
BRDA:62,3,1,0
BRDA:64,4,0,0
BRDA:64,4,1,0
BRDA:117,5,0,0
BRDA:117,5,1,2
BRDA:150,6,0,2
BRDA:150,6,1,1
BRDA:165,7,0,3
BRDA:165,7,1,1
BRDA:172,8,0,1
BRDA:172,8,1,0
BRDA:174,9,0,1
BRDA:174,9,1,0
BRF:20
BRH:9
end_of_record
TN:
SF:src/modules/state.js
FN:5,setupState
FN:75,(anonymous_1)
FN:80,(anonymous_2)
FN:85,(anonymous_3)
FN:90,(anonymous_4)
FN:96,persist
FN:125,restore
FN:158,normalizeRoot
FN:161,parseChordSymbol
FN:169,transposeRoot
FN:172,transposeChord
FN:179,computeInterval
FN:183,normalizeChordName
FNF:13
FNH:11
FNDA:6,setupState
FNDA:2,(anonymous_1)
FNDA:2,(anonymous_2)
FNDA:0,(anonymous_3)
FNDA:2,(anonymous_4)
FNDA:0,persist
FNDA:6,restore
FNDA:3,normalizeRoot
FNDA:4,parseChordSymbol
FNDA:4,transposeRoot
FNDA:5,transposeChord
FNDA:3,computeInterval
FNDA:6,normalizeChordName
DA:6,6
DA:30,6
DA:69,6
DA:75,2
DA:80,2
DA:85,0
DA:90,2
DA:95,6
DA:97,0
DA:98,0
DA:119,0
DA:126,6
DA:127,6
DA:128,6
DA:129,0
DA:130,0
DA:136,0
DA:137,0
DA:138,0
DA:139,0
DA:140,0
DA:141,0
DA:142,0
DA:143,0
DA:144,0
DA:145,0
DA:146,0
DA:147,0
DA:148,0
DA:149,0
DA:150,0
DA:151,0
DA:152,0
DA:159,3
DA:162,4
DA:163,4
DA:164,4
DA:165,3
DA:166,3
DA:167,3
DA:170,4
DA:173,5
DA:174,4
DA:175,4
DA:176,4
DA:177,4
DA:180,3
DA:184,6
DA:186,6
DA:187,14
DA:188,14
DA:189,6
DA:190,6
DA:194,6
DA:198,6
DA:201,6
DA:202,6
LF:57
LH:34
BRDA:128,0,0,6
BRDA:128,0,1,0
BRDA:132,1,0,0
BRDA:132,1,1,0
BRDA:136,2,0,0
BRDA:136,2,1,0
BRDA:137,3,0,0
BRDA:137,3,1,0
BRDA:138,4,0,0
BRDA:138,4,1,0
BRDA:139,5,0,0
BRDA:139,5,1,0
BRDA:140,6,0,0
BRDA:140,6,1,0
BRDA:141,7,0,0
BRDA:141,7,1,0
BRDA:142,8,0,0
BRDA:142,8,1,0
BRDA:143,9,0,0
BRDA:143,9,1,0
BRDA:144,10,0,0
BRDA:144,10,1,0
BRDA:145,11,0,0
BRDA:145,11,1,0
BRDA:146,12,0,0
BRDA:146,12,1,0
BRDA:147,13,0,0
BRDA:147,13,1,0
BRDA:148,14,0,0
BRDA:148,14,1,0
BRDA:149,15,0,0
BRDA:149,15,1,0
BRDA:151,16,0,0
BRDA:151,16,1,0
BRDA:152,17,0,0
BRDA:152,17,1,0
BRDA:164,18,0,1
BRDA:164,18,1,3
BRDA:164,19,0,1
BRDA:164,19,1,1
BRDA:166,20,0,3
BRDA:166,20,1,3
BRDA:167,21,0,0
BRDA:167,21,1,3
BRDA:173,22,0,1
BRDA:173,22,1,4
BRDA:176,23,0,0
BRDA:176,23,1,4
BRDA:177,24,0,0
BRDA:177,24,1,4
BRDA:188,25,0,6
BRDA:188,25,1,8
BRDA:191,26,0,6
BRDA:191,26,1,0
BRF:54
BRH:15
end_of_record
TN:
SF:src/modules/touch-gestures.js
FN:5,(anonymous_0)
FN:19,(anonymous_1)
FN:39,(anonymous_2)
FN:52,(anonymous_3)
FN:83,(anonymous_4)
FN:108,(anonymous_5)
FN:130,(anonymous_6)
FN:140,(anonymous_7)
FN:150,(anonymous_8)
FN:160,(anonymous_9)
FN:169,(anonymous_10)
FN:178,(anonymous_11)
FN:185,(anonymous_12)
FN:199,(anonymous_13)
FN:219,(anonymous_14)
FN:230,(anonymous_15)
FNF:16
FNH:0
FNDA:0,(anonymous_0)
FNDA:0,(anonymous_1)
FNDA:0,(anonymous_2)
FNDA:0,(anonymous_3)
FNDA:0,(anonymous_4)
FNDA:0,(anonymous_5)
FNDA:0,(anonymous_6)
FNDA:0,(anonymous_7)
FNDA:0,(anonymous_8)
FNDA:0,(anonymous_9)
FNDA:0,(anonymous_10)
FNDA:0,(anonymous_11)
FNDA:0,(anonymous_12)
FNDA:0,(anonymous_13)
FNDA:0,(anonymous_14)
FNDA:0,(anonymous_15)
DA:6,0
DA:7,0
DA:8,0
DA:9,0
DA:10,0
DA:11,0
DA:12,0
DA:13,0
DA:20,0
DA:21,0
DA:23,0
DA:28,0
DA:31,0
DA:40,0
DA:42,0
DA:43,0
DA:44,0
DA:45,0
DA:46,0
DA:53,0
DA:55,0
DA:56,0
DA:57,0
DA:58,0
DA:60,0
DA:61,0
DA:62,0
DA:64,0
DA:67,0
DA:68,0
DA:70,0
DA:71,0
DA:72,0
DA:75,0
DA:84,0
DA:86,0
DA:87,0
DA:88,0
DA:89,0
DA:92,0
DA:93,0
DA:94,0
DA:95,0
DA:99,0
DA:100,0
DA:109,0
DA:111,0
DA:113,0
DA:114,0
DA:116,0
DA:117,0
DA:119,0
DA:120,0
DA:122,0
DA:123,0
DA:131,0
DA:132,0
DA:133,0
DA:134,0
DA:141,0
DA:142,0
DA:143,0
DA:151,0
DA:152,0
DA:153,0
DA:161,0
DA:162,0
DA:170,0
DA:171,0
DA:186,0
DA:187,0
DA:189,0
DA:190,0
DA:192,0
DA:193,0
DA:200,0
DA:201,0
DA:203,0
DA:204,0
DA:206,0
DA:210,0
DA:220,0
DA:231,0
LF:83
LH:0
BRDA:21,0,0,0
BRDA:21,0,1,0
BRDA:40,1,0,0
BRDA:40,1,1,0
BRDA:53,2,0,0
BRDA:53,2,1,0
BRDA:53,3,0,0
BRDA:53,3,1,0
BRDA:67,4,0,0
BRDA:67,4,1,0
BRDA:70,5,0,0
BRDA:70,5,1,0
BRDA:84,6,0,0
BRDA:84,6,1,0
BRDA:84,7,0,0
BRDA:84,7,1,0
BRDA:92,8,0,0
BRDA:92,8,1,0
BRDA:94,9,0,0
BRDA:94,9,1,0
BRDA:99,10,0,0
BRDA:99,10,1,0
BRDA:111,11,0,0
BRDA:111,11,1,0
BRDA:111,11,2,0
BRDA:111,11,3,0
BRDA:131,12,0,0
BRDA:131,12,1,0
BRDA:131,13,0,0
BRDA:131,13,1,0
BRDA:132,14,0,0
BRDA:132,14,1,0
BRDA:132,15,0,0
BRDA:132,15,1,0
BRDA:133,16,0,0
BRDA:133,16,1,0
BRDA:133,17,0,0
BRDA:133,17,1,0
BRDA:142,18,0,0
BRDA:142,18,1,0
BRDA:152,19,0,0
BRDA:152,19,1,0
BRDA:161,20,0,0
BRDA:161,20,1,0
BRDA:170,21,0,0
BRDA:170,21,1,0
BRDA:187,22,0,0
BRDA:187,22,1,0
BRDA:201,23,0,0
BRDA:201,23,1,0
BRDA:206,24,0,0
BRDA:206,24,1,0
BRDA:221,25,0,0
BRDA:221,25,1,0
BRDA:221,25,2,0
BRF:55
BRH:0
end_of_record
TN:
SF:src/modules/ui.js
FN:6,setupUI
FN:16,highlightSelectedChip
FN:25,(anonymous_2)
FN:36,(anonymous_3)
FN:58,setCurrentChord
FN:74,applySelectedChord
FN:80,renderHistory
FN:85,(anonymous_7)
FN:90,(anonymous_8)
FN:96,refreshChordTexts
FN:98,(anonymous_10)
FN:107,transposeAllExistingChords
FN:111,(anonymous_12)
FN:122,isEnglishPrimary
FN:132,reduceLines
FN:203,updateCursor
FN:213,(anonymous_16)
FN:221,(anonymous_17)
FN:226,(anonymous_18)
FN:233,(anonymous_19)
FN:238,(anonymous_20)
FN:243,(anonymous_21)
FN:249,(anonymous_22)
FN:251,(anonymous_23)
FN:258,(anonymous_24)
FN:262,(anonymous_25)
FN:265,(anonymous_26)
FN:269,(anonymous_27)
FN:274,(anonymous_28)
FN:276,(anonymous_29)
FN:284,(anonymous_30)
FN:289,(anonymous_31)
FN:294,(anonymous_32)
FN:301,(anonymous_33)
FN:303,(anonymous_34)
FN:311,(anonymous_35)
FN:313,(anonymous_36)
FN:320,validateRequiredFields
FN:335,(anonymous_38)
FN:340,(anonymous_39)
FN:345,(anonymous_40)
FN:346,(anonymous_41)
FN:347,(anonymous_42)
FN:355,(anonymous_43)
FN:365,(anonymous_44)
FN:380,(anonymous_45)
FN:387,(anonymous_46)
FN:393,(anonymous_47)
FN:398,(anonymous_48)
FN:407,(anonymous_49)
FN:438,(anonymous_50)
FN:471,(anonymous_51)
FN:482,(anonymous_52)
FN:497,(anonymous_53)
FN:531,(anonymous_54)
FN:551,(anonymous_55)
FN:580,(anonymous_56)
FN:601,(anonymous_57)
FN:629,exportProject
FN:654,(anonymous_59)
FN:656,(anonymous_60)
FN:677,onImportFile
FN:720,(anonymous_62)
FN:726,(anonymous_63)
FN:767,showReduceLinesModal
FN:786,updatePreview
FN:806,applyChanges
FN:835,closeModal
FN:853,handleKeydown
FN:866,(anonymous_69)
FN:876,setupHelpModal
FN:886,openHelp
FN:899,closeHelp
FN:909,switchTab
FN:911,(anonymous_74)
FN:916,(anonymous_75)
FN:939,(anonymous_76)
FN:946,(anonymous_77)
FN:947,(anonymous_78)
FN:953,(anonymous_79)
FN:972,(anonymous_80)
FNF:81
FNH:0
FNDA:0,setupUI
FNDA:0,highlightSelectedChip
FNDA:0,(anonymous_2)
FNDA:0,(anonymous_3)
FNDA:0,setCurrentChord
FNDA:0,applySelectedChord
FNDA:0,renderHistory
FNDA:0,(anonymous_7)
FNDA:0,(anonymous_8)
FNDA:0,refreshChordTexts
FNDA:0,(anonymous_10)
FNDA:0,transposeAllExistingChords
FNDA:0,(anonymous_12)
FNDA:0,isEnglishPrimary
FNDA:0,reduceLines
FNDA:0,updateCursor
FNDA:0,(anonymous_16)
FNDA:0,(anonymous_17)
FNDA:0,(anonymous_18)
FNDA:0,(anonymous_19)
FNDA:0,(anonymous_20)
FNDA:0,(anonymous_21)
FNDA:0,(anonymous_22)
FNDA:0,(anonymous_23)
FNDA:0,(anonymous_24)
FNDA:0,(anonymous_25)
FNDA:0,(anonymous_26)
FNDA:0,(anonymous_27)
FNDA:0,(anonymous_28)
FNDA:0,(anonymous_29)
FNDA:0,(anonymous_30)
FNDA:0,(anonymous_31)
FNDA:0,(anonymous_32)
FNDA:0,(anonymous_33)
FNDA:0,(anonymous_34)
FNDA:0,(anonymous_35)
FNDA:0,(anonymous_36)
FNDA:0,validateRequiredFields
FNDA:0,(anonymous_38)
FNDA:0,(anonymous_39)
FNDA:0,(anonymous_40)
FNDA:0,(anonymous_41)
FNDA:0,(anonymous_42)
FNDA:0,(anonymous_43)
FNDA:0,(anonymous_44)
FNDA:0,(anonymous_45)
FNDA:0,(anonymous_46)
FNDA:0,(anonymous_47)
FNDA:0,(anonymous_48)
FNDA:0,(anonymous_49)
FNDA:0,(anonymous_50)
FNDA:0,(anonymous_51)
FNDA:0,(anonymous_52)
FNDA:0,(anonymous_53)
FNDA:0,(anonymous_54)
FNDA:0,(anonymous_55)
FNDA:0,(anonymous_56)
FNDA:0,(anonymous_57)
FNDA:0,exportProject
FNDA:0,(anonymous_59)
FNDA:0,(anonymous_60)
FNDA:0,onImportFile
FNDA:0,(anonymous_62)
FNDA:0,(anonymous_63)
FNDA:0,showReduceLinesModal
FNDA:0,updatePreview
FNDA:0,applyChanges
FNDA:0,closeModal
FNDA:0,handleKeydown
FNDA:0,(anonymous_69)
FNDA:0,setupHelpModal
FNDA:0,openHelp
FNDA:0,closeHelp
FNDA:0,switchTab
FNDA:0,(anonymous_74)
FNDA:0,(anonymous_75)
FNDA:0,(anonymous_76)
FNDA:0,(anonymous_77)
FNDA:0,(anonymous_78)
FNDA:0,(anonymous_79)
FNDA:0,(anonymous_80)
DA:14,0
DA:18,0
DA:19,0
DA:20,0
DA:22,0
DA:25,0
DA:26,0
DA:27,0
DA:28,0
DA:30,0
DA:31,0
DA:36,0
DA:37,0
DA:38,0
DA:39,0
DA:41,0
DA:42,0
DA:47,0
DA:48,0
DA:49,0
DA:50,0
DA:52,0
DA:53,0
DA:59,0
DA:60,0
DA:61,0
DA:62,0
DA:63,0
DA:64,0
DA:66,0
DA:70,0
DA:71,0
DA:75,0
DA:76,0
DA:81,0
DA:82,0
DA:83,0
DA:85,0
DA:86,0
DA:87,0
DA:88,0
DA:89,0
DA:90,0
DA:91,0
DA:93,0
DA:97,0
DA:98,0
DA:99,0
DA:100,0
DA:101,0
DA:102,0
DA:104,0
DA:108,0
DA:109,0
DA:110,0
DA:111,0
DA:112,0
DA:113,0
DA:114,0
DA:115,0
DA:116,0
DA:118,0
DA:123,0
DA:126,0
DA:127,0
DA:129,0
DA:137,0
DA:139,0
DA:140,0
DA:141,0
DA:143,0
DA:144,0
DA:147,0
DA:149,0
DA:150,0
DA:151,0
DA:155,0
DA:156,0
DA:158,0
DA:162,0
DA:163,0
DA:164,0
DA:165,0
DA:167,0
DA:168,0
DA:172,0
DA:174,0
DA:177,0
DA:181,0
DA:183,0
DA:186,0
DA:187,0
DA:191,0
DA:196,0
DA:197,0
DA:200,0
DA:204,0
DA:205,0
DA:206,0
DA:213,0
DA:214,0
DA:215,0
DA:216,0
DA:217,0
DA:218,0
DA:219,0
DA:221,0
DA:222,0
DA:223,0
DA:224,0
DA:226,0
DA:227,0
DA:228,0
DA:229,0
DA:233,0
DA:234,0
DA:235,0
DA:236,0
DA:238,0
DA:239,0
DA:240,0
DA:241,0
DA:243,0
DA:244,0
DA:245,0
DA:246,0
DA:249,0
DA:250,0
DA:251,0
DA:252,0
DA:254,0
DA:255,0
DA:258,0
DA:259,0
DA:260,0
DA:262,0
DA:263,0
DA:265,0
DA:266,0
DA:267,0
DA:269,0
DA:270,0
DA:274,0
DA:275,0
DA:276,0
DA:278,0
DA:280,0
DA:282,0
DA:284,0
DA:285,0
DA:286,0
DA:287,0
DA:289,0
DA:290,0
DA:291,0
DA:292,0
DA:294,0
DA:295,0
DA:296,0
DA:297,0
DA:300,0
DA:301,0
DA:302,0
DA:303,0
DA:304,0
DA:306,0
DA:310,0
DA:311,0
DA:312,0
DA:313,0
DA:314,0
DA:316,0
DA:321,0
DA:322,0
DA:324,0
DA:325,0
DA:326,0
DA:327,0
DA:329,0
DA:330,0
DA:332,0
DA:335,0
DA:336,0
DA:337,0
DA:340,0
DA:341,0
DA:342,0
DA:345,0
DA:346,0
DA:347,0
DA:348,0
DA:349,0
DA:350,0
DA:351,0
DA:352,0
DA:355,0
DA:356,0
DA:357,0
DA:358,0
DA:361,0
DA:365,0
DA:366,0
DA:371,0
DA:373,0
DA:374,0
DA:375,0
DA:376,0
DA:377,0
DA:380,0
DA:381,0
DA:382,0
DA:383,0
DA:384,0
DA:387,0
DA:388,0
DA:392,0
DA:393,0
DA:394,0
DA:395,0
DA:396,0
DA:397,0
DA:398,0
DA:399,0
DA:400,0
DA:401,0
DA:402,0
DA:403,0
DA:405,0
DA:407,0
DA:408,0
DA:410,0
DA:412,0
DA:414,0
DA:415,0
DA:416,0
DA:417,0
DA:418,0
DA:422,0
DA:424,0
DA:425,0
DA:426,0
DA:427,0
DA:430,0
DA:431,0
DA:432,0
DA:438,0
DA:439,0
DA:440,0
DA:444,0
DA:446,0
DA:447,0
DA:448,0
DA:450,0
DA:453,0
DA:456,0
DA:457,0
DA:458,0
DA:462,0
DA:463,0
DA:464,0
DA:465,0
DA:466,0
DA:471,0
DA:472,0
DA:473,0
DA:475,0
DA:476,0
DA:479,0
DA:482,0
DA:483,0
DA:485,0
DA:489,0
DA:490,0
DA:494,0
DA:495,0
DA:497,0
DA:498,0
DA:499,0
DA:500,0
DA:501,0
DA:504,0
DA:507,0
DA:508,0
DA:509,0
DA:510,0
DA:511,0
DA:514,0
DA:519,0
DA:520,0
DA:522,0
DA:523,0
DA:527,0
DA:531,0
DA:532,0
DA:535,0
DA:536,0
DA:537,0
DA:538,0
DA:541,0
DA:542,0
DA:543,0
DA:544,0
DA:545,0
DA:546,0
DA:551,0
DA:552,0
DA:553,0
DA:556,0
DA:557,0
DA:558,0
DA:559,0
DA:560,0
DA:563,0
DA:564,0
DA:565,0
DA:566,0
DA:570,0
DA:571,0
DA:575,0
DA:579,0
DA:580,0
DA:581,0
DA:584,0
DA:585,0
DA:586,0
DA:587,0
DA:590,0
DA:591,0
DA:592,0
DA:593,0
DA:594,0
DA:595,0
DA:600,0
DA:601,0
DA:602,0
DA:603,0
DA:606,0
DA:607,0
DA:608,0
DA:609,0
DA:610,0
DA:613,0
DA:614,0
DA:615,0
DA:616,0
DA:620,0
DA:621,0
DA:625,0
DA:630,0
DA:631,0
DA:655,0
DA:656,0
DA:670,0
DA:671,0
DA:672,0
DA:673,0
DA:674,0
DA:675,0
DA:678,0
DA:679,0
DA:680,0
DA:681,0
DA:682,0
DA:683,0
DA:684,0
DA:702,0
DA:703,0
DA:704,0
DA:705,0
DA:706,0
DA:707,0
DA:708,0
DA:709,0
DA:710,0
DA:711,0
DA:712,0
DA:713,0
DA:714,0
DA:715,0
DA:717,0
DA:718,0
DA:719,0
DA:720,0
DA:721,0
DA:722,0
DA:723,0
DA:724,0
DA:725,0
DA:726,0
DA:727,0
DA:728,0
DA:729,0
DA:730,0
DA:731,0
DA:732,0
DA:733,0
DA:734,0
DA:735,0
DA:737,0
DA:738,0
DA:739,0
DA:740,0
DA:741,0
DA:742,0
DA:746,0
DA:748,0
DA:749,0
DA:750,0
DA:752,0
DA:754,0
DA:759,0
DA:760,0
DA:761,0
DA:762,0
DA:763,0
DA:764,0
DA:768,0
DA:769,0
DA:770,0
DA:771,0
DA:772,0
DA:773,0
DA:776,0
DA:777,0
DA:778,0
DA:780,0
DA:783,0
DA:787,0
DA:793,0
DA:794,0
DA:798,0
DA:801,0
DA:802,0
DA:803,0
DA:807,0
DA:814,0
DA:815,0
DA:816,0
DA:819,0
DA:820,0
DA:821,0
DA:822,0
DA:823,0
DA:827,0
DA:828,0
DA:831,0
DA:836,0
DA:839,0
DA:840,0
DA:841,0
DA:842,0
DA:843,0
DA:844,0
DA:848,0
DA:849,0
DA:850,0
DA:854,0
DA:855,0
DA:856,0
DA:857,0
DA:860,0
DA:863,0
DA:866,0
DA:870,0
DA:877,0
DA:878,0
DA:879,0
DA:880,0
DA:881,0
DA:883,0
DA:887,0
DA:888,0
DA:889,0
DA:892,0
DA:893,0
DA:894,0
DA:900,0
DA:901,0
DA:902,0
DA:905,0
DA:911,0
DA:912,0
DA:913,0
DA:916,0
DA:917,0
DA:921,0
DA:922,0
DA:924,0
DA:925,0
DA:926,0
DA:927,0
DA:932,0
DA:934,0
DA:935,0
DA:939,0
DA:940,0
DA:941,0
DA:946,0
DA:947,0
DA:948,0
DA:953,0
DA:955,0
DA:956,0
DA:957,0
DA:958,0
DA:960,0
DA:965,0
DA:966,0
DA:967,0
DA:972,0
DA:973,0
DA:974,0
DA:976,0
DA:977,0
DA:978,0
DA:979,0
DA:980,0
DA:981,0
DA:982,0
DA:984,0
DA:985,0
DA:986,0
DA:987,0
DA:988,0
DA:989,0
DA:990,0
DA:991,0
DA:992,0
DA:993,0
DA:994,0
DA:995,0
DA:1001,0
DA:1002,0
LF:533
LH:0
BRDA:18,0,0,0
BRDA:18,0,1,0
BRDA:19,1,0,0
BRDA:19,1,1,0
BRDA:22,2,0,0
BRDA:22,2,1,0
BRDA:26,3,0,0
BRDA:26,3,1,0
BRDA:37,4,0,0
BRDA:37,4,1,0
BRDA:47,5,0,0
BRDA:47,5,1,0
BRDA:48,6,0,0
BRDA:48,6,1,0
BRDA:60,7,0,0
BRDA:60,7,1,0
BRDA:61,8,0,0
BRDA:61,8,1,0
BRDA:63,9,0,0
BRDA:63,9,1,0
BRDA:66,10,0,0
BRDA:66,10,1,0
BRDA:81,11,0,0
BRDA:81,11,1,0
BRDA:99,12,0,0
BRDA:99,12,1,0
BRDA:101,13,0,0
BRDA:101,13,1,0
BRDA:109,14,0,0
BRDA:109,14,1,0
BRDA:112,15,0,0
BRDA:112,15,1,0
BRDA:113,16,0,0
BRDA:113,16,1,0
BRDA:113,17,0,0
BRDA:113,17,1,0
BRDA:123,18,0,0
BRDA:123,18,1,0
BRDA:123,19,0,0
BRDA:123,19,1,0
BRDA:126,20,0,0
BRDA:126,20,1,0
BRDA:132,21,0,0
BRDA:134,22,0,0
BRDA:135,23,0,0
BRDA:136,24,0,0
BRDA:147,25,0,0
BRDA:147,25,1,0
BRDA:149,26,0,0
BRDA:149,26,1,0
BRDA:155,27,0,0
BRDA:155,27,1,0
BRDA:162,28,0,0
BRDA:162,28,1,0
BRDA:162,29,0,0
BRDA:162,29,1,0
BRDA:163,30,0,0
BRDA:163,30,1,0
BRDA:172,31,0,0
BRDA:172,31,1,0
BRDA:177,32,0,0
BRDA:177,32,1,0
BRDA:181,33,0,0
BRDA:181,33,1,0
BRDA:196,34,0,0
BRDA:196,34,1,0
BRDA:208,35,0,0
BRDA:208,35,1,0
BRDA:217,36,0,0
BRDA:217,36,1,0
BRDA:321,37,0,0
BRDA:321,37,1,0
BRDA:322,38,0,0
BRDA:322,38,1,0
BRDA:324,39,0,0
BRDA:324,39,1,0
BRDA:324,40,0,0
BRDA:324,40,1,0
BRDA:326,41,0,0
BRDA:326,41,1,0
BRDA:327,42,0,0
BRDA:327,42,1,0
BRDA:336,43,0,0
BRDA:336,43,1,0
BRDA:341,44,0,0
BRDA:341,44,1,0
BRDA:348,45,0,0
BRDA:348,45,1,0
BRDA:356,46,0,0
BRDA:356,46,1,0
BRDA:358,47,0,0
BRDA:358,47,1,0
BRDA:366,48,0,0
BRDA:366,48,1,0
BRDA:367,49,0,0
BRDA:367,49,1,0
BRDA:367,49,2,0
BRDA:381,50,0,0
BRDA:381,50,1,0
BRDA:382,51,0,0
BRDA:382,51,1,0
BRDA:394,52,0,0
BRDA:394,52,1,0
BRDA:395,53,0,0
BRDA:395,53,1,0
BRDA:399,54,0,0
BRDA:399,54,1,0
BRDA:400,55,0,0
BRDA:400,55,1,0
BRDA:400,56,0,0
BRDA:400,56,1,0
BRDA:412,57,0,0
BRDA:412,57,1,0
BRDA:415,58,0,0
BRDA:415,58,1,0
BRDA:416,59,0,0
BRDA:416,59,1,0
BRDA:417,60,0,0
BRDA:417,60,1,0
BRDA:424,61,0,0
BRDA:424,61,1,0
BRDA:425,62,0,0
BRDA:425,62,1,0
BRDA:426,63,0,0
BRDA:426,63,1,0
BRDA:427,64,0,0
BRDA:427,64,1,0
BRDA:430,65,0,0
BRDA:430,65,1,0
BRDA:444,66,0,0
BRDA:444,66,1,0
BRDA:447,67,0,0
BRDA:447,67,1,0
BRDA:456,68,0,0
BRDA:456,68,1,0
BRDA:462,69,0,0
BRDA:462,69,1,0
BRDA:463,70,0,0
BRDA:463,70,1,0
BRDA:464,71,0,0
BRDA:464,71,1,0
BRDA:465,72,0,0
BRDA:465,72,1,0
BRDA:473,73,0,0
BRDA:473,73,1,0
BRDA:476,74,0,0
BRDA:476,74,1,0
BRDA:499,75,0,0
BRDA:499,75,1,0
BRDA:508,76,0,0
BRDA:508,76,1,0
BRDA:509,77,0,0
BRDA:509,77,1,0
BRDA:519,78,0,0
BRDA:519,78,1,0
BRDA:522,79,0,0
BRDA:522,79,1,0
BRDA:535,80,0,0
BRDA:535,80,1,0
BRDA:536,81,0,0
BRDA:536,81,1,0
BRDA:537,82,0,0
BRDA:537,82,1,0
BRDA:538,83,0,0
BRDA:538,83,1,0
BRDA:544,84,0,0
BRDA:544,84,1,0
BRDA:557,85,0,0
BRDA:557,85,1,0
BRDA:558,86,0,0
BRDA:558,86,1,0
BRDA:559,87,0,0
BRDA:559,87,1,0
BRDA:564,88,0,0
BRDA:564,88,1,0
BRDA:570,89,0,0
BRDA:570,89,1,0
BRDA:584,90,0,0
BRDA:584,90,1,0
BRDA:585,91,0,0
BRDA:585,91,1,0
BRDA:586,92,0,0
BRDA:586,92,1,0
BRDA:593,93,0,0
BRDA:593,93,1,0
BRDA:607,94,0,0
BRDA:607,94,1,0
BRDA:608,95,0,0
BRDA:608,95,1,0
BRDA:609,96,0,0
BRDA:609,96,1,0
BRDA:614,97,0,0
BRDA:614,97,1,0
BRDA:620,98,0,0
BRDA:620,98,1,0
BRDA:657,99,0,0
BRDA:657,99,1,0
BRDA:658,100,0,0
BRDA:658,100,1,0
BRDA:678,101,0,0
BRDA:678,101,1,0
BRDA:679,102,0,0
BRDA:679,102,1,0
BRDA:683,103,0,0
BRDA:683,103,1,0
BRDA:685,104,0,0
BRDA:685,104,1,0
BRDA:686,105,0,0
BRDA:686,105,1,0
BRDA:687,106,0,0
BRDA:687,106,1,0
BRDA:688,107,0,0
BRDA:688,107,1,0
BRDA:689,108,0,0
BRDA:689,108,1,0
BRDA:690,109,0,0
BRDA:690,109,1,0
BRDA:691,110,0,0
BRDA:691,110,1,0
BRDA:692,111,0,0
BRDA:692,111,1,0
BRDA:693,112,0,0
BRDA:693,112,1,0
BRDA:694,113,0,0
BRDA:694,113,1,0
BRDA:695,114,0,0
BRDA:695,114,1,0
BRDA:696,115,0,0
BRDA:696,115,1,0
BRDA:697,116,0,0
BRDA:697,116,1,0
BRDA:698,117,0,0
BRDA:698,117,1,0
BRDA:699,118,0,0
BRDA:699,118,1,0
BRDA:712,119,0,0
BRDA:712,119,1,0
BRDA:714,120,0,0
BRDA:714,120,1,0
BRDA:715,121,0,0
BRDA:715,121,1,0
BRDA:718,122,0,0
BRDA:718,122,1,0
BRDA:722,123,0,0
BRDA:722,123,1,0
BRDA:724,124,0,0
BRDA:724,124,1,0
BRDA:727,125,0,0
BRDA:727,125,1,0
BRDA:728,126,0,0
BRDA:728,126,1,0
BRDA:728,127,0,0
BRDA:728,127,1,0
BRDA:729,128,0,0
BRDA:729,128,1,0
BRDA:729,129,0,0
BRDA:729,129,1,0
BRDA:780,130,0,0
BRDA:780,130,1,0
BRDA:780,131,0,0
BRDA:780,131,1,0
BRDA:780,131,2,0
BRDA:788,132,0,0
BRDA:788,132,1,0
BRDA:789,133,0,0
BRDA:789,133,1,0
BRDA:808,134,0,0
BRDA:808,134,1,0
BRDA:809,135,0,0
BRDA:809,135,1,0
BRDA:814,136,0,0
BRDA:814,136,1,0
BRDA:816,137,0,0
BRDA:816,137,1,0
BRDA:821,138,0,0
BRDA:821,138,1,0
BRDA:854,139,0,0
BRDA:854,139,1,0
BRDA:883,140,0,0
BRDA:883,140,1,0
BRDA:883,141,0,0
BRDA:883,141,1,0
BRDA:893,142,0,0
BRDA:893,142,1,0
BRDA:926,143,0,0
BRDA:926,143,1,0
BRDA:934,144,0,0
BRDA:934,144,1,0
BRDA:940,145,0,0
BRDA:940,145,1,0
BRDA:955,146,0,0
BRDA:955,146,1,0
BRDA:957,147,0,0
BRDA:957,147,1,0
BRDA:957,148,0,0
BRDA:957,148,1,0
BRDA:965,149,0,0
BRDA:965,149,1,0
BRDA:965,150,0,0
BRDA:965,150,1,0
BRDA:973,151,0,0
BRDA:973,151,1,0
BRDA:976,152,0,0
BRDA:976,152,1,0
BRDA:976,153,0,0
BRDA:976,153,1,0
BRDA:981,154,0,0
BRDA:981,154,1,0
BRDA:981,155,0,0
BRDA:981,155,1,0
BRDA:987,156,0,0
BRDA:987,156,1,0
BRDA:991,157,0,0
BRDA:991,157,1,0
BRDA:1001,158,0,0
BRDA:1001,158,1,0
BRF:316
BRH:0
end_of_record
TN:
SF:src/modules/utils.js
FN:11,getFontClass
FN:38,(anonymous_1)
FN:41,(anonymous_2)
FN:52,(anonymous_3)
FN:62,(anonymous_4)
FN:72,(anonymous_5)
FN:83,(anonymous_6)
FN:87,(anonymous_7)
FN:102,(anonymous_8)
FN:115,(anonymous_9)
FN:129,(anonymous_10)
FN:148,(anonymous_11)
FN:161,(anonymous_12)
FN:163,(anonymous_13)
FN:186,(anonymous_14)
FN:188,executedFunction
FN:189,(anonymous_16)
FN:204,(anonymous_17)
FN:206,executedFunction
FN:210,(anonymous_19)
FN:219,(anonymous_20)
FN:220,(anonymous_21)
FN:221,(anonymous_22)
FNF:23
FNH:18
FNDA:7,getFontClass
FNDA:3,(anonymous_1)
FNDA:7,(anonymous_2)
FNDA:1,(anonymous_3)
FNDA:0,(anonymous_4)
FNDA:0,(anonymous_5)
FNDA:64,(anonymous_6)
FNDA:4,(anonymous_7)
FNDA:31,(anonymous_8)
FNDA:9,(anonymous_9)
FNDA:8,(anonymous_10)
FNDA:1,(anonymous_11)
FNDA:1,(anonymous_12)
FNDA:3,(anonymous_13)
FNDA:1,(anonymous_14)
FNDA:3,executedFunction
FNDA:1,(anonymous_16)
FNDA:1,(anonymous_17)
FNDA:3,executedFunction
FNDA:1,(anonymous_19)
FNDA:0,(anonymous_20)
FNDA:0,(anonymous_21)
FNDA:0,(anonymous_22)
DA:12,7
DA:14,2
DA:16,1
DA:18,1
DA:20,1
DA:22,1
DA:24,1
DA:39,3
DA:41,7
DA:42,2
DA:43,2
DA:53,1
DA:54,1
DA:63,0
DA:64,0
DA:73,0
DA:74,0
DA:75,0
DA:84,64
DA:88,4
DA:103,31
DA:104,31
DA:105,4
DA:106,4
DA:116,9
DA:117,9
DA:118,9
DA:119,7
DA:120,7
DA:130,8
DA:131,8
DA:132,8
DA:133,7
DA:149,1
DA:150,1
DA:151,1
DA:152,1
DA:162,1
DA:163,1
DA:164,3
DA:165,0
DA:166,3
DA:167,0
DA:169,3
DA:172,1
DA:188,1
DA:189,3
DA:190,1
DA:191,1
DA:193,3
DA:194,3
DA:206,1
DA:207,3
DA:208,1
DA:209,1
DA:210,1
DA:220,0
DA:221,0
DA:222,0
DA:223,0
LF:60
LH:49
BRDA:12,0,0,2
BRDA:12,0,1,1
BRDA:12,0,2,1
BRDA:12,0,3,1
BRDA:12,0,4,1
BRDA:12,0,5,1
BRDA:39,1,0,1
BRDA:39,1,1,2
BRDA:42,2,0,2
BRDA:42,2,1,0
BRDA:63,3,0,0
BRDA:63,3,1,0
BRDA:73,4,0,0
BRDA:73,4,1,0
BRDA:104,5,0,27
BRDA:104,5,1,4
BRDA:105,6,0,0
BRDA:105,6,1,4
BRDA:118,7,0,2
BRDA:118,7,1,7
BRDA:132,8,0,1
BRDA:132,8,1,7
BRDA:132,9,0,8
BRDA:132,9,1,7
BRDA:148,10,0,0
BRDA:148,11,0,0
BRDA:150,12,0,1
BRDA:150,12,1,0
BRDA:151,13,0,1
BRDA:151,13,1,0
BRDA:161,14,0,0
BRDA:164,15,0,0
BRDA:164,15,1,3
BRDA:166,16,0,0
BRDA:166,16,1,3
BRDA:207,17,0,1
BRDA:207,17,1,2
BRF:37
BRH:24
end_of_record
